{"D:\\Suriyan\\Projects\\zeller-backend-ts-coding-challenge\\__tests__\\checkout\\constants\\pricing-rules.ts": {"path":"D:\\Suriyan\\Projects\\zeller-backend-ts-coding-challenge\\__tests__\\checkout\\constants\\pricing-rules.ts","statementMap":{"0":{"start":{"line":1,"column":0},"end":{"line":1,"column":62}},"1":{"start":{"line":5,"column":13},"end":{"line":5,"column":68}},"2":{"start":{"line":6,"column":0},"end":{"line":15,"column":3}},"3":{"start":{"line":16,"column":0},"end":{"line":25,"column":3}},"4":{"start":{"line":27,"column":13},"end":{"line":27,"column":85}},"5":{"start":{"line":28,"column":0},"end":{"line":37,"column":3}},"6":{"start":{"line":38,"column":0},"end":{"line":47,"column":3}}},"fnMap":{},"branchMap":{},"s":{"0":1,"1":1,"2":1,"3":1,"4":1,"5":1,"6":1},"f":{},"b":{}}
,"D:\\Suriyan\\Projects\\zeller-backend-ts-coding-challenge\\src\\constants\\pricing-rules.ts": {"path":"D:\\Suriyan\\Projects\\zeller-backend-ts-coding-challenge\\src\\constants\\pricing-rules.ts","statementMap":{"0":{"start":{"line":1,"column":0},"end":{"line":1,"column":52}},"1":{"start":{"line":4,"column":13},"end":{"line":4,"column":61}},"2":{"start":{"line":5,"column":0},"end":{"line":14,"column":3}},"3":{"start":{"line":15,"column":0},"end":{"line":24,"column":3}}},"fnMap":{},"branchMap":{},"s":{"0":1,"1":1,"2":1,"3":1},"f":{},"b":{}}
,"D:\\Suriyan\\Projects\\zeller-backend-ts-coding-challenge\\src\\constants\\store-catalogue.ts": {"path":"D:\\Suriyan\\Projects\\zeller-backend-ts-coding-challenge\\src\\constants\\store-catalogue.ts","statementMap":{"0":{"start":{"line":1,"column":0},"end":{"line":1,"column":null}},"1":{"start":{"line":8,"column":13},"end":{"line":8,"column":63}},"2":{"start":{"line":9,"column":0},"end":{"line":13,"column":3}},"3":{"start":{"line":14,"column":0},"end":{"line":18,"column":3}},"4":{"start":{"line":19,"column":0},"end":{"line":23,"column":3}},"5":{"start":{"line":24,"column":0},"end":{"line":28,"column":3}}},"fnMap":{},"branchMap":{},"s":{"0":1,"1":1,"2":1,"3":1,"4":1,"5":1},"f":{},"b":{}}
,"D:\\Suriyan\\Projects\\zeller-backend-ts-coding-challenge\\src\\enums\\commons.ts": {"path":"D:\\Suriyan\\Projects\\zeller-backend-ts-coding-challenge\\src\\enums\\commons.ts","statementMap":{"0":{"start":{"line":1,"column":0},"end":{"line":1,"column":null}},"1":{"start":{"line":2,"column":4},"end":{"line":2,"column":null}},"2":{"start":{"line":3,"column":4},"end":{"line":3,"column":null}},"3":{"start":{"line":4,"column":4},"end":{"line":4,"column":null}},"4":{"start":{"line":5,"column":4},"end":{"line":5,"column":null}},"5":{"start":{"line":8,"column":0},"end":{"line":8,"column":null}},"6":{"start":{"line":9,"column":4},"end":{"line":9,"column":null}},"7":{"start":{"line":10,"column":4},"end":{"line":10,"column":null}},"8":{"start":{"line":11,"column":4},"end":{"line":11,"column":null}},"9":{"start":{"line":12,"column":4},"end":{"line":12,"column":null}},"10":{"start":{"line":15,"column":0},"end":{"line":15,"column":null}},"11":{"start":{"line":16,"column":4},"end":{"line":16,"column":null}},"12":{"start":{"line":17,"column":4},"end":{"line":17,"column":null}},"13":{"start":{"line":18,"column":4},"end":{"line":18,"column":null}},"14":{"start":{"line":19,"column":4},"end":{"line":19,"column":null}},"15":{"start":{"line":22,"column":0},"end":{"line":22,"column":null}},"16":{"start":{"line":23,"column":4},"end":{"line":23,"column":null}},"17":{"start":{"line":24,"column":4},"end":{"line":24,"column":null}},"18":{"start":{"line":25,"column":4},"end":{"line":25,"column":null}},"19":{"start":{"line":26,"column":4},"end":{"line":26,"column":null}}},"fnMap":{"0":{"name":"(anonymous_0)","decl":{"start":{"line":1,"column":0},"end":{"line":1,"column":12}},"loc":{"start":{"line":1,"column":20},"end":{"line":6,"column":1}}},"1":{"name":"(anonymous_1)","decl":{"start":{"line":8,"column":0},"end":{"line":8,"column":12}},"loc":{"start":{"line":8,"column":31},"end":{"line":13,"column":1}}},"2":{"name":"(anonymous_2)","decl":{"start":{"line":15,"column":0},"end":{"line":15,"column":12}},"loc":{"start":{"line":15,"column":25},"end":{"line":20,"column":1}}},"3":{"name":"(anonymous_3)","decl":{"start":{"line":22,"column":0},"end":{"line":22,"column":12}},"loc":{"start":{"line":22,"column":18},"end":{"line":27,"column":1}}}},"branchMap":{"0":{"loc":{"start":{"line":1,"column":12},"end":{"line":1,"column":null}},"type":"binary-expr","locations":[{"start":{"line":1,"column":12},"end":{"line":1,"column":20}},{"start":{"line":1,"column":20},"end":{"line":1,"column":null}}]},"1":{"loc":{"start":{"line":8,"column":12},"end":{"line":8,"column":null}},"type":"binary-expr","locations":[{"start":{"line":8,"column":12},"end":{"line":8,"column":31}},{"start":{"line":8,"column":31},"end":{"line":8,"column":null}}]},"2":{"loc":{"start":{"line":15,"column":12},"end":{"line":15,"column":null}},"type":"binary-expr","locations":[{"start":{"line":15,"column":12},"end":{"line":15,"column":25}},{"start":{"line":15,"column":25},"end":{"line":15,"column":null}}]},"3":{"loc":{"start":{"line":22,"column":12},"end":{"line":22,"column":null}},"type":"binary-expr","locations":[{"start":{"line":22,"column":12},"end":{"line":22,"column":18}},{"start":{"line":22,"column":18},"end":{"line":22,"column":null}}]}},"s":{"0":1,"1":1,"2":1,"3":1,"4":1,"5":1,"6":1,"7":1,"8":1,"9":1,"10":1,"11":1,"12":1,"13":1,"14":1,"15":1,"16":1,"17":1,"18":1,"19":1},"f":{"0":1,"1":1,"2":1,"3":1},"b":{"0":[1,1],"1":[1,1],"2":[1,1],"3":[1,1]}}
,"D:\\Suriyan\\Projects\\zeller-backend-ts-coding-challenge\\src\\services\\checkout.service.ts": {"path":"D:\\Suriyan\\Projects\\zeller-backend-ts-coding-challenge\\src\\services\\checkout.service.ts","statementMap":{"0":{"start":{"line":1,"column":0},"end":{"line":1,"column":63}},"1":{"start":{"line":2,"column":0},"end":{"line":2,"column":42}},"2":{"start":{"line":8,"column":21},"end":{"line":8,"column":55}},"3":{"start":{"line":7,"column":9},"end":{"line":7,"column":45}},"4":{"start":{"line":11,"column":4},"end":{"line":11,"column":26}},"5":{"start":{"line":15,"column":21},"end":{"line":15,"column":22}},"6":{"start":{"line":16,"column":4},"end":{"line":30,"column":null}},"7":{"start":{"line":17,"column":22},"end":{"line":17,"column":42}},"8":{"start":{"line":18,"column":35},"end":{"line":19,"column":null}},"9":{"start":{"line":19,"column":15},"end":{"line":19,"column":28}},"10":{"start":{"line":22,"column":6},"end":{"line":27,"column":null}},"11":{"start":{"line":23,"column":8},"end":{"line":23,"column":68}},"12":{"start":{"line":25,"column":8},"end":{"line":25,"column":36}},"13":{"start":{"line":26,"column":8},"end":{"line":26,"column":39}},"14":{"start":{"line":29,"column":6},"end":{"line":29,"column":37}},"15":{"start":{"line":34,"column":4},"end":{"line":41,"column":null}},"16":{"start":{"line":35,"column":21},"end":{"line":36,"column":null}},"17":{"start":{"line":36,"column":21},"end":{"line":36,"column":53}},"18":{"start":{"line":38,"column":24},"end":{"line":38,"column":51}},"19":{"start":{"line":39,"column":28},"end":{"line":39,"column":57}},"20":{"start":{"line":40,"column":6},"end":{"line":40,"column":39}},"21":{"start":{"line":42,"column":4},"end":{"line":42,"column":13}},"22":{"start":{"line":46,"column":24},"end":{"line":46,"column":25}},"23":{"start":{"line":47,"column":4},"end":{"line":69,"column":null}},"24":{"start":{"line":48,"column":31},"end":{"line":48,"column":65}},"25":{"start":{"line":49,"column":6},"end":{"line":68,"column":null}},"26":{"start":{"line":50,"column":8},"end":{"line":67,"column":11}},"27":{"start":{"line":51,"column":10},"end":{"line":66,"column":null}},"28":{"start":{"line":53,"column":14},"end":{"line":53,"column":80}},"29":{"start":{"line":54,"column":14},"end":{"line":54,"column":20}},"30":{"start":{"line":56,"column":14},"end":{"line":56,"column":66}},"31":{"start":{"line":57,"column":14},"end":{"line":57,"column":20}},"32":{"start":{"line":59,"column":14},"end":{"line":59,"column":78}},"33":{"start":{"line":60,"column":14},"end":{"line":60,"column":20}},"34":{"start":{"line":62,"column":14},"end":{"line":62,"column":79}},"35":{"start":{"line":63,"column":14},"end":{"line":63,"column":20}},"36":{"start":{"line":65,"column":14},"end":{"line":65,"column":20}},"37":{"start":{"line":70,"column":4},"end":{"line":70,"column":25}},"38":{"start":{"line":77,"column":4},"end":{"line":77,"column":71}},"39":{"start":{"line":81,"column":4},"end":{"line":81,"column":31}},"40":{"start":{"line":88,"column":33},"end":{"line":89,"column":null}},"41":{"start":{"line":91,"column":4},"end":{"line":95,"column":null}},"42":{"start":{"line":93,"column":8},"end":{"line":93,"column":64}},"43":{"start":{"line":94,"column":6},"end":{"line":94,"column":59}},"44":{"start":{"line":96,"column":4},"end":{"line":96,"column":13}},"45":{"start":{"line":103,"column":4},"end":{"line":108,"column":null}},"46":{"start":{"line":104,"column":6},"end":{"line":107,"column":8}},"47":{"start":{"line":109,"column":4},"end":{"line":109,"column":13}},"48":{"start":{"line":113,"column":4},"end":{"line":116,"column":6}},"49":{"start":{"line":114,"column":39},"end":{"line":114,"column":67}},"50":{"start":{"line":120,"column":20},"end":{"line":120,"column":44}},"51":{"start":{"line":121,"column":4},"end":{"line":125,"column":null}},"52":{"start":{"line":122,"column":6},"end":{"line":122,"column":40}},"53":{"start":{"line":124,"column":6},"end":{"line":124,"column":61}},"54":{"start":{"line":6,"column":0},"end":{"line":6,"column":13}}},"fnMap":{"0":{"name":"(anonymous_0)","decl":{"start":{"line":8,"column":2},"end":{"line":8,"column":21}},"loc":{"start":{"line":8,"column":55},"end":{"line":8,"column":59}}},"1":{"name":"(anonymous_1)","decl":{"start":{"line":10,"column":9},"end":{"line":10,"column":15}},"loc":{"start":{"line":10,"column":15},"end":{"line":12,"column":3}}},"2":{"name":"(anonymous_2)","decl":{"start":{"line":14,"column":9},"end":{"line":14,"column":13}},"loc":{"start":{"line":14,"column":25},"end":{"line":31,"column":3}}},"3":{"name":"(anonymous_3)","decl":{"start":{"line":19,"column":8},"end":{"line":19,"column":9}},"loc":{"start":{"line":19,"column":15},"end":{"line":19,"column":28}}},"4":{"name":"(anonymous_4)","decl":{"start":{"line":33,"column":9},"end":{"line":33,"column":14}},"loc":{"start":{"line":33,"column":14},"end":{"line":43,"column":3}}},"5":{"name":"(anonymous_5)","decl":{"start":{"line":36,"column":8},"end":{"line":36,"column":9}},"loc":{"start":{"line":36,"column":21},"end":{"line":36,"column":53}}},"6":{"name":"(anonymous_6)","decl":{"start":{"line":45,"column":10},"end":{"line":45,"column":32}},"loc":{"start":{"line":45,"column":32},"end":{"line":71,"column":3}}},"7":{"name":"(anonymous_7)","decl":{"start":{"line":50,"column":33},"end":{"line":50,"column":34}},"loc":{"start":{"line":50,"column":43},"end":{"line":67,"column":9}}},"8":{"name":"(anonymous_8)","decl":{"start":{"line":73,"column":10},"end":{"line":73,"column":37}},"loc":{"start":{"line":75,"column":16},"end":{"line":78,"column":3}}},"9":{"name":"(anonymous_9)","decl":{"start":{"line":80,"column":10},"end":{"line":80,"column":32}},"loc":{"start":{"line":80,"column":45},"end":{"line":82,"column":3}}},"10":{"name":"(anonymous_10)","decl":{"start":{"line":84,"column":10},"end":{"line":84,"column":35}},"loc":{"start":{"line":86,"column":16},"end":{"line":97,"column":3}}},"11":{"name":"(anonymous_11)","decl":{"start":{"line":99,"column":10},"end":{"line":99,"column":36}},"loc":{"start":{"line":101,"column":16},"end":{"line":110,"column":3}}},"12":{"name":"(anonymous_12)","decl":{"start":{"line":112,"column":10},"end":{"line":112,"column":24}},"loc":{"start":{"line":112,"column":42},"end":{"line":117,"column":3}}},"13":{"name":"(anonymous_13)","decl":{"start":{"line":114,"column":6},"end":{"line":114,"column":7}},"loc":{"start":{"line":114,"column":39},"end":{"line":114,"column":67}}},"14":{"name":"(anonymous_14)","decl":{"start":{"line":119,"column":10},"end":{"line":119,"column":20}},"loc":{"start":{"line":119,"column":32},"end":{"line":126,"column":3}}}},"branchMap":{"0":{"loc":{"start":{"line":22,"column":6},"end":{"line":27,"column":null}},"type":"if","locations":[{"start":{"line":22,"column":6},"end":{"line":27,"column":null}},{"start":{"line":24,"column":13},"end":{"line":27,"column":null}}]},"1":{"loc":{"start":{"line":34,"column":4},"end":{"line":41,"column":null}},"type":"if","locations":[{"start":{"line":34,"column":4},"end":{"line":41,"column":null}}]},"2":{"loc":{"start":{"line":34,"column":8},"end":{"line":34,"column":55}},"type":"binary-expr","locations":[{"start":{"line":34,"column":8},"end":{"line":34,"column":24}},{"start":{"line":34,"column":28},"end":{"line":34,"column":55}}]},"3":{"loc":{"start":{"line":49,"column":6},"end":{"line":68,"column":null}},"type":"if","locations":[{"start":{"line":49,"column":6},"end":{"line":68,"column":null}}]},"4":{"loc":{"start":{"line":51,"column":10},"end":{"line":66,"column":null}},"type":"switch","locations":[{"start":{"line":52,"column":12},"end":{"line":54,"column":20}},{"start":{"line":55,"column":12},"end":{"line":57,"column":20}},{"start":{"line":58,"column":12},"end":{"line":60,"column":20}},{"start":{"line":61,"column":12},"end":{"line":63,"column":20}},{"start":{"line":64,"column":12},"end":{"line":65,"column":20}}]},"5":{"loc":{"start":{"line":91,"column":4},"end":{"line":95,"column":null}},"type":"if","locations":[{"start":{"line":91,"column":4},"end":{"line":95,"column":null}}]},"6":{"loc":{"start":{"line":103,"column":4},"end":{"line":108,"column":null}},"type":"if","locations":[{"start":{"line":103,"column":4},"end":{"line":108,"column":null}}]},"7":{"loc":{"start":{"line":121,"column":4},"end":{"line":125,"column":null}},"type":"if","locations":[{"start":{"line":121,"column":4},"end":{"line":125,"column":null}},{"start":{"line":123,"column":11},"end":{"line":125,"column":null}}]}},"s":{"0":1,"1":1,"2":15,"3":15,"4":2,"5":64,"6":64,"7":64,"8":63,"9":67,"10":63,"11":38,"12":25,"13":25,"14":1,"15":9,"16":8,"17":17,"18":8,"19":8,"20":8,"21":1,"22":8,"23":8,"24":17,"25":17,"26":10,"27":10,"28":1,"29":1,"30":3,"31":3,"32":3,"33":3,"34":2,"35":2,"36":1,"37":8,"38":1,"39":3,"40":3,"41":3,"42":1,"43":1,"44":2,"45":2,"46":1,"47":1,"48":8,"49":17,"50":64,"51":64,"52":63,"53":1,"54":1},"f":{"0":15,"1":2,"2":64,"3":67,"4":9,"5":17,"6":8,"7":10,"8":1,"9":3,"10":3,"11":2,"12":8,"13":17,"14":64},"b":{"0":[38,25],"1":[8],"2":[9,9],"3":[10],"4":[1,3,3,2,1],"5":[1],"6":[1],"7":[63,1]}}
}
