TN:
SF:__tests__\checkout\constants\pricing-rules.ts
FNF:0
FNH:0
DA:1,1
DA:5,1
DA:6,1
DA:16,1
DA:27,1
DA:28,1
DA:38,1
LF:7
LH:7
BRF:0
BRH:0
end_of_record
TN:
SF:src\constants\pricing-rules.ts
FNF:0
FNH:0
DA:1,1
DA:4,1
DA:5,1
DA:15,1
LF:4
LH:4
BRF:0
BRH:0
end_of_record
TN:
SF:src\constants\store-catalogue.ts
FNF:0
FNH:0
DA:1,1
DA:8,1
DA:9,1
DA:14,1
DA:19,1
DA:24,1
LF:6
LH:6
BRF:0
BRH:0
end_of_record
TN:
SF:src\enums\commons.ts
FN:1,(anonymous_0)
FN:8,(anonymous_1)
FN:15,(anonymous_2)
FN:22,(anonymous_3)
FNF:4
FNH:4
FNDA:1,(anonymous_0)
FNDA:1,(anonymous_1)
FNDA:1,(anonymous_2)
FNDA:1,(anonymous_3)
DA:1,1
DA:2,1
DA:3,1
DA:4,1
DA:5,1
DA:8,1
DA:9,1
DA:10,1
DA:11,1
DA:12,1
DA:15,1
DA:16,1
DA:17,1
DA:18,1
DA:19,1
DA:22,1
DA:23,1
DA:24,1
DA:25,1
DA:26,1
LF:20
LH:20
BRDA:1,0,0,1
BRDA:1,0,1,1
BRDA:8,1,0,1
BRDA:8,1,1,1
BRDA:15,2,0,1
BRDA:15,2,1,1
BRDA:22,3,0,1
BRDA:22,3,1,1
BRF:8
BRH:8
end_of_record
TN:
SF:src\services\checkout.service.ts
FN:8,(anonymous_0)
FN:10,(anonymous_1)
FN:14,(anonymous_2)
FN:19,(anonymous_3)
FN:33,(anonymous_4)
FN:36,(anonymous_5)
FN:45,(anonymous_6)
FN:50,(anonymous_7)
FN:73,(anonymous_8)
FN:80,(anonymous_9)
FN:84,(anonymous_10)
FN:99,(anonymous_11)
FN:112,(anonymous_12)
FN:114,(anonymous_13)
FN:119,(anonymous_14)
FNF:15
FNH:15
FNDA:15,(anonymous_0)
FNDA:2,(anonymous_1)
FNDA:64,(anonymous_2)
FNDA:67,(anonymous_3)
FNDA:9,(anonymous_4)
FNDA:17,(anonymous_5)
FNDA:8,(anonymous_6)
FNDA:10,(anonymous_7)
FNDA:1,(anonymous_8)
FNDA:3,(anonymous_9)
FNDA:3,(anonymous_10)
FNDA:2,(anonymous_11)
FNDA:8,(anonymous_12)
FNDA:17,(anonymous_13)
FNDA:64,(anonymous_14)
DA:1,1
DA:2,1
DA:6,1
DA:7,15
DA:8,15
DA:11,2
DA:15,64
DA:16,64
DA:17,64
DA:18,63
DA:19,67
DA:22,63
DA:23,38
DA:25,25
DA:26,25
DA:29,1
DA:34,9
DA:35,8
DA:36,17
DA:38,8
DA:39,8
DA:40,8
DA:42,1
DA:46,8
DA:47,8
DA:48,17
DA:49,17
DA:50,10
DA:51,10
DA:53,1
DA:54,1
DA:56,3
DA:57,3
DA:59,3
DA:60,3
DA:62,2
DA:63,2
DA:65,1
DA:70,8
DA:77,1
DA:81,3
DA:88,3
DA:91,3
DA:93,1
DA:94,1
DA:96,2
DA:103,2
DA:104,1
DA:109,1
DA:113,8
DA:114,17
DA:120,64
DA:121,64
DA:122,63
DA:124,1
LF:55
LH:55
BRDA:22,0,0,38
BRDA:22,0,1,25
BRDA:34,1,0,8
BRDA:34,2,0,9
BRDA:34,2,1,9
BRDA:49,3,0,10
BRDA:51,4,0,1
BRDA:51,4,1,3
BRDA:51,4,2,3
BRDA:51,4,3,2
BRDA:51,4,4,1
BRDA:91,5,0,1
BRDA:103,6,0,1
BRDA:121,7,0,63
BRDA:121,7,1,1
BRF:15
BRH:15
end_of_record
