TN:
SF:__tests__\constants\pricing-rules.ts
FNF:0
FNH:0
DA:1,1
DA:5,1
DA:6,1
DA:16,1
DA:27,1
DA:28,1
DA:38,1
LF:7
LH:7
BRF:0
BRH:0
end_of_record
TN:
SF:src\constants\pricing-rules.ts
FNF:0
FNH:0
DA:1,2
DA:7,2
DA:8,2
DA:18,2
LF:4
LH:4
BRF:0
BRH:0
end_of_record
TN:
SF:src\constants\store-catalogue.ts
FNF:0
FNH:0
DA:1,2
DA:11,2
DA:12,2
DA:17,2
DA:22,2
DA:27,2
LF:6
LH:6
BRF:0
BRH:0
end_of_record
TN:
SF:src\enums\commons.ts
FN:5,(anonymous_0)
FN:16,(anonymous_1)
FN:27,(anonymous_2)
FN:38,(anonymous_3)
FNF:4
FNH:4
FNDA:2,(anonymous_0)
FNDA:2,(anonymous_1)
FNDA:2,(anonymous_2)
FNDA:2,(anonymous_3)
DA:5,2
DA:6,2
DA:7,2
DA:8,2
DA:9,2
DA:16,2
DA:17,2
DA:18,2
DA:19,2
DA:20,2
DA:27,2
DA:28,2
DA:29,2
DA:30,2
DA:31,2
DA:38,2
DA:39,2
DA:40,2
DA:41,2
DA:42,2
LF:20
LH:20
BRDA:5,0,0,2
BRDA:5,0,1,2
BRDA:16,1,0,2
BRDA:16,1,1,2
BRDA:27,2,0,2
BRDA:27,2,1,2
BRDA:38,3,0,2
BRDA:38,3,1,2
BRF:8
BRH:8
end_of_record
TN:
SF:src\services\checkout.service.ts
FN:17,(anonymous_0)
FN:22,(anonymous_1)
FN:31,(anonymous_2)
FN:36,(anonymous_3)
FN:54,(anonymous_4)
FN:57,(anonymous_5)
FN:70,(anonymous_6)
FN:75,(anonymous_7)
FN:104,(anonymous_8)
FN:116,(anonymous_9)
FN:126,(anonymous_10)
FN:147,(anonymous_11)
FN:165,(anonymous_12)
FN:167,(anonymous_13)
FN:178,(anonymous_14)
FNF:15
FNH:15
FNDA:18,(anonymous_0)
FNDA:3,(anonymous_1)
FNDA:77,(anonymous_2)
FNDA:81,(anonymous_3)
FNDA:12,(anonymous_4)
FNDA:21,(anonymous_5)
FNDA:10,(anonymous_6)
FNDA:13,(anonymous_7)
FNDA:1,(anonymous_8)
FNDA:3,(anonymous_9)
FNDA:5,(anonymous_10)
FNDA:3,(anonymous_11)
FNDA:10,(anonymous_12)
FNDA:21,(anonymous_13)
FNDA:77,(anonymous_14)
DA:1,2
DA:2,2
DA:11,2
DA:12,18
DA:17,18
DA:23,3
DA:32,77
DA:33,77
DA:34,77
DA:35,76
DA:36,81
DA:39,76
DA:40,45
DA:42,31
DA:43,31
DA:46,1
DA:55,12
DA:56,10
DA:57,21
DA:59,10
DA:60,10
DA:61,10
DA:63,2
DA:71,10
DA:72,10
DA:73,21
DA:74,21
DA:75,13
DA:76,13
DA:78,1
DA:79,1
DA:81,3
DA:82,3
DA:84,5
DA:85,5
DA:87,3
DA:88,3
DA:90,1
DA:95,10
DA:108,1
DA:117,3
DA:130,5
DA:133,5
DA:135,2
DA:136,2
DA:138,3
DA:151,3
DA:152,2
DA:157,1
DA:166,10
DA:167,21
DA:179,77
DA:180,77
DA:181,76
DA:183,1
LF:55
LH:55
BRDA:39,0,0,45
BRDA:39,0,1,31
BRDA:55,1,0,10
BRDA:55,2,0,12
BRDA:55,2,1,12
BRDA:74,3,0,13
BRDA:76,4,0,1
BRDA:76,4,1,3
BRDA:76,4,2,5
BRDA:76,4,3,3
BRDA:76,4,4,1
BRDA:133,5,0,2
BRDA:151,6,0,2
BRDA:180,7,0,76
BRDA:180,7,1,1
BRF:15
BRH:15
end_of_record
